4
18565
2
3508
2
8
0
8
2
199
3
40
5
301
2
400
3
8041
1
2717
0
393
4
331
2
2752
3
132338
4
400
1
400
0
8
0
106324
5
531
2
400
2
400
3
8
0
113254
1
7130
0
111205
3
8
2
36
1
143
3
57
3
400
3
2752
5
112057
1
17809
2
8
1
57
2
57
3
8
1
2041
2
122118
1
18460
2
559
3
8
5
526
5
18510
5
18187
1
41
4
8
1
1867
2
8
6
23459
5
118126
2
2696
5
57
3
8
5
57
4
39
0
2661
0
400
4
202
3
213
2
1481
3
400
4
57
3
42
4
9112
1
114625
3
122245
0
1387
5
187
0
32
1
17725
2
400
4
427
4
1924
3
57
0
117764
3
400
4
215
4
617
1
31
0
88
2
2536
1
515
3
18600
3
18936
2
57
4
49
0
2551
3
18621
3
42
4
57
0
119085
0
8
2
18215
4
400
5
400
4
6741
4
2654
1
17921
0
35
4
209
0
4816
1
8
2
8
2
2780
2
2780
4
17865
1
8
4
245
2
37
5
196
3
400
2
148
5
2745
2
9693
4
17438
1
57
5
2703
5
35
2
4570
4
400
0
8
4
117491
2
7251
0
8
2
156
1
18824
1
2575
2
164
5
200
4
965
0
35
3
42
3
3109
5
415
1
126
3
641
1
1841
3
8
6
12655
4
3067
0
109563
5
57
2
33
2
37
4
18654
3
2717
4
8
2
587
3
175
2
208
2
400
2
2710
1
2752
2
2738
3
8
2
2745
3
8
6
8
3
113391
6
1148
1
57
3
123294
3
40
6
18418
1
6366
1
8
4
18166
4
109540
3
6557
4
57
4
8
2
2794
2
2483
2
127433
5
8
4
400
2
5768
2
112044
3
175
1
400
3
2035
2
8
2
400
4
880
1
1352
4
17725
0
400
2
209
2
2738
0
8
2
328
2
4600
5
2794
5
237
1
45
6
8
4
2738
2
2884
2
33
4
8
2
400
2
5286
3
171
0
28
2
591
3
57
5
3826
2
37
3
8
3
57
0
18012
1
351
3
36
4
2710
5
6983
3
109086
0
4084
4
37
6
3935
0
400
3
8
2
2661
0
1936
3
119904
3
400
3
8
4
2007
2
2717
5
22624
3
17263
3
33
2
400
3
125404
3
8
4
2738
4
18341
1
400
1
400
0
1314
3
39
2
57
1
400
6
400
0
57
2
592
4
520
6
3422
0
25
2
2703
2
400
2
18117
2
8
2
7459
2
1277
0
2654
0
34
6
215
0
34
6
204
1
4769
1
8
2
2990
2
8
2
37
2
2787
2
8
0
18817
3
12293
2
8
1
8
4
18117
5
22259
1
141
4
27300
6
2643
0
115448
3
8
2
580
2
8
2
8
3
117533
0
400
3
57
3
2654
3
57
4
8
2
7291
1
133
2
8
1
2485
0
8
3
8
1
108
4
19370
1
298
4
192
3
10747
1
7839
4
208
2
188
1
513
2
666
3
45
5
588
2
18932
3
2689
4
400
2
1692
2
38
6
2647
5
10372
2
400
4
400
3
17683
2
35
4
7347
1
41
6
3951
3
7199
3
118806
4
19013
5
8
4
2866
1
2696
4
2894
1
27
2
400
4
8
3
8
6
202
1
57
2
2675
3
883
4
8
6
17466
4
5423
5
4683
2
733
4
57
0
400
1
8
1
119715
1
115812
1
30
3
8
2
18572
5
57
5
8
6
57
0
1262
4
162
1
2178
0
1516
4
400
1
18103
0
8
3
169
3
39
3
400
2
57
3
2164
3
8
0
6813
4
36
4
541
3
8
3
8
4
2430
0
57
1
27
5
1157
3
535
0
57
5
8
3
57
0
76
3
57
1
57
0
118957
2
181
4
226
2
400
4
34
4
210
6
6938
2
400
2
33
1
180
4
8
4
2668
5
400
1
141
4
8
4
2833
4
1024
0
41
2
3439
2
400
0
57
1
8
2
115691
1
2289
0
8
2
189
2
10387
1
115794
4
864
1
8
2
148
2
2738
1
44
1
2619
4
2507
4
116332
6
17613
0
8
2
57
1
6437
0
8
2
117590
4
16472
6
2668
5
793
0
2703
1
660
5
57
4
57
3
2745
0
120002
2
2991
3
6491
0
2578
6
114322
5
400
3
57
0
400
1
8
3
7966
5
34
1
400
5
57
4
57
3
10648
2
2794
1
2745
3
8
4
39
3
7338
3
8
4
321
4
17786
1
122392
4
39
1
41
2
742
1
2787
3
169
4
41
2
57
3
173
4
711
2
13173
3
444
2
2661
1
31
2
57
5
18509
4
196
3
27
3
37
4
126105
3
18341
4
2731
1
8
6
400
0
8
3
8
5
8
1
4706
4
232
2
1814
2
39
3
400
0
400
2
155
0
390
3
8
1
400
3
57
4
159
6
400
4
400
0
57
3
57
3
2703
6
2787
