3
8
1
309
0
13
3
3189
3
88
0
788
1
300
2
260
3
96
1
8
0
48
0
534
6
1409
4
8
1
19
0
984
5
4191
2
2418
2
8
0
5389
5
1672
0
630
3
28311
0
73321
3
6739
2
8
0
36
4
1388
0
5817
4
8
3
7853
3
232
1
54
0
42084
1
52052
1
32
0
32
3
14640
0
1815
4
706
1
128
4
267
0
44
1
155
0
53491
5
2059
6
8
1
50
2
217
6
519
0
1611
1
36
4
50
2
8
1
1640
2
8
3
68881
3
206
3
3498
1
8
3
50
1
37089
0
218
3
25
3
8
0
11220
1
8216
4
8
3
21210
1
36
0
188
3
43
2
36
2
239
2
8
2
8
0
1766
0
48
0
312
4
8
1
19
1
435
0
11
1
143
3
8
2
8
0
10719
0
2084
0
48
0
1052
1
6627
1
8
0
33
2
26
1
5201
0
732
0
8
0
8947
3
50
0
8
0
204
2
215
3
49721
0
8
2
590
0
88174
0
50
3
43
0
43
6
8
0
182
0
109
0
77
0
12
0
232
4
8654
0
4515
0
204
1
57
2
164
1
50
0
274
4
90
0
11626
3
33136
2
43
0
1089
4
57
3
32460
4
742
1
274
1
11278
0
70
3
11358
4
29
1
128
2
25
0
5864
3
1137
5
8
2
77
1
106
2
23
3
4416
0
781
1
178
3
19
1
3696
0
8
0
117
0
12
0
823
1
8
0
2052
0
378
0
21
1
19
3
258
5
309
5
610
0
50
3
13788
0
613
0
96
0
97
0
78
3
214
0
8
6
239
0
38764
1
378
0
30956
0
1849
0
9575
0
204
1
2095
5
8
6
57
0
4796
5
1535
1
50
0
31
0
663
0
316
1
14069
4
36
5
8
5
33
3
892
2
24
0
71
0
196
0
266
4
1654
2
8
1
116
0
6921
0
43
1
8
5
1102
2
358
4
452
6
1388
1
358
0
375
0
8
0
8
0
3800
0
32
0
260
1
43
0
405
0
8
2
23
0
3936
3
8
5
8
3
88
5
8
5
8
2
6535
4
31
0
63629
3
150
0
29
0
94
0
8
1
258
0
126
0
1086
4
38516
4
8643
0
8
1
169
0
38
1
29
0
36
0
94
1
19
1
8
0
78
4
2433
1
8
0
283
0
48
6
452
4
317
2
627
4
13669
0
13
0
260
1
5741
2
232
1
22682
0
8
6
19314
0
13
0
98
2
87
2
49
0
8
3
798
3
8
2
28043
0
12
1
36
5
2416
0
305
0
107
0
3063
2
43
0
400
1
158
0
21
0
14
0
432
2
43
2
8
3
8
0
28042
0
8
3
32684
1
36
0
36
0
1765
3
5272
3
155
0
2080
0
13
0
8
0
800
0
14
0
13024
1
76
0
211
0
225
0
13
0
290
2
147
6
919
3
162
0
51567
1
8
0
14829
0
533
2
8
0
8
5
20827
0
48
5
30
0
49905
3
52505
1
1654
2
21812
2
380
0
669
3
1561
1
335
4
1626
0
34684
